CRITICAL - 2025-05-25 17:13:29 --> ErrorException: Undefined variable $categories
[Method: GET, Route: products]
in APPPATH\Views\products\index.php on line 96.
 1 APPPATH\Views\products\index.php(96): CodeIgniter\Debug\Exceptions->errorHandler(2, 'Undefined variable $categories', 'D:\\xampp\\htdocs\\CI_4\\atts_old\\app\\Views\\products\\index.php', 96)
 2 SYSTEMPATH\View\View.php(224): include('D:\\xampp\\htdocs\\CI_4\\atts_old\\app\\Views\\products\\index.php')
 3 SYSTEMPATH\View\View.php(227): CodeIgniter\View\View->CodeIgniter\View\{closure}()
 4 SYSTEMPATH\Common.php(1173): CodeIgniter\View\View->render('products/index', [], true)
 5 APPPATH\Controllers\Products.php(27): view('products/index')
 6 SYSTEMPATH\CodeIgniter.php(933): App\Controllers\Products->index()
 7 SYSTEMPATH\CodeIgniter.php(507): CodeIgniter\CodeIgniter->runController(Object(App\Controllers\Products))
 8 SYSTEMPATH\CodeIgniter.php(354): CodeIgniter\CodeIgniter->handleRequest(null, Object(Config\Cache), false)
 9 SYSTEMPATH\Boot.php(334): CodeIgniter\CodeIgniter->run()
10 SYSTEMPATH\Boot.php(67): CodeIgniter\Boot::runCodeIgniter(Object(CodeIgniter\CodeIgniter))
11 FCPATH\index.php(62): CodeIgniter\Boot::bootWeb(Object(Config\Paths))
CRITICAL - 2025-05-25 17:13:57 --> ErrorException: Undefined variable $categories
[Method: GET, Route: products]
in APPPATH\Views\products\index.php on line 96.
 1 APPPATH\Views\products\index.php(96): CodeIgniter\Debug\Exceptions->errorHandler(2, 'Undefined variable $categories', 'D:\\xampp\\htdocs\\CI_4\\atts_old\\app\\Views\\products\\index.php', 96)
 2 SYSTEMPATH\View\View.php(224): include('D:\\xampp\\htdocs\\CI_4\\atts_old\\app\\Views\\products\\index.php')
 3 SYSTEMPATH\View\View.php(227): CodeIgniter\View\View->CodeIgniter\View\{closure}()
 4 SYSTEMPATH\Common.php(1173): CodeIgniter\View\View->render('products/index', [], true)
 5 APPPATH\Controllers\Products.php(27): view('products/index')
 6 SYSTEMPATH\CodeIgniter.php(933): App\Controllers\Products->index()
 7 SYSTEMPATH\CodeIgniter.php(507): CodeIgniter\CodeIgniter->runController(Object(App\Controllers\Products))
 8 SYSTEMPATH\CodeIgniter.php(354): CodeIgniter\CodeIgniter->handleRequest(null, Object(Config\Cache), false)
 9 SYSTEMPATH\Boot.php(334): CodeIgniter\CodeIgniter->run()
10 SYSTEMPATH\Boot.php(67): CodeIgniter\Boot::runCodeIgniter(Object(CodeIgniter\CodeIgniter))
11 FCPATH\index.php(62): CodeIgniter\Boot::bootWeb(Object(Config\Paths))
CRITICAL - 2025-05-25 17:15:16 --> ErrorException: Undefined variable $categories
[Method: GET, Route: products]
in APPPATH\Views\products\index.php on line 96.
 1 APPPATH\Views\products\index.php(96): CodeIgniter\Debug\Exceptions->errorHandler(2, 'Undefined variable $categories', 'D:\\xampp\\htdocs\\CI_4\\atts_old\\app\\Views\\products\\index.php', 96)
 2 SYSTEMPATH\View\View.php(224): include('D:\\xampp\\htdocs\\CI_4\\atts_old\\app\\Views\\products\\index.php')
 3 SYSTEMPATH\View\View.php(227): CodeIgniter\View\View->CodeIgniter\View\{closure}()
 4 SYSTEMPATH\Common.php(1173): CodeIgniter\View\View->render('products/index', [], true)
 5 APPPATH\Controllers\Products.php(27): view('products/index')
 6 SYSTEMPATH\CodeIgniter.php(933): App\Controllers\Products->index()
 7 SYSTEMPATH\CodeIgniter.php(507): CodeIgniter\CodeIgniter->runController(Object(App\Controllers\Products))
 8 SYSTEMPATH\CodeIgniter.php(354): CodeIgniter\CodeIgniter->handleRequest(null, Object(Config\Cache), false)
 9 SYSTEMPATH\Boot.php(334): CodeIgniter\CodeIgniter->run()
10 SYSTEMPATH\Boot.php(67): CodeIgniter\Boot::runCodeIgniter(Object(CodeIgniter\CodeIgniter))
11 FCPATH\index.php(62): CodeIgniter\Boot::bootWeb(Object(Config\Paths))
